{"/Users/jdollisen/Project/React/space-tourism-react/src/App.js": {"path":"/Users/jdollisen/Project/React/space-tourism-react/src/App.js","statementMap":{"0":{"start":{"line":13,"column":2},"end":{"line":25,"column":4}}},"fnMap":{"0":{"name":"App","decl":{"start":{"line":11,"column":24},"end":{"line":11,"column":27}},"loc":{"start":{"line":11,"column":35},"end":{"line":26,"column":1}},"line":11}},"branchMap":{},"s":{"0":0},"f":{"0":0},"b":{}}
,"/Users/jdollisen/Project/React/space-tourism-react/src/SiteData.js": {"path":"/Users/jdollisen/Project/React/space-tourism-react/src/SiteData.js","statementMap":{"0":{"start":{"line":1,"column":24},"end":{"line":132,"column":1}}},"fnMap":{},"branchMap":{},"s":{"0":0},"f":{},"b":{}}
,"/Users/jdollisen/Project/React/space-tourism-react/src/index.js": {"path":"/Users/jdollisen/Project/React/space-tourism-react/src/index.js","statementMap":{"0":{"start":{"line":27,"column":13},"end":{"line":27,"column":65}},"1":{"start":{"line":28,"column":0},"end":{"line":34,"column":2}}},"fnMap":{},"branchMap":{},"s":{"0":0,"1":0},"f":{},"b":{}}
,"/Users/jdollisen/Project/React/space-tourism-react/src/reportWebVitals.js": {"path":"/Users/jdollisen/Project/React/space-tourism-react/src/reportWebVitals.js","statementMap":{"0":{"start":{"line":1,"column":24},"end":{"line":11,"column":1}},"1":{"start":{"line":2,"column":2},"end":{"line":10,"column":3}},"2":{"start":{"line":3,"column":4},"end":{"line":9,"column":7}},"3":{"start":{"line":4,"column":6},"end":{"line":4,"column":26}},"4":{"start":{"line":5,"column":6},"end":{"line":5,"column":26}},"5":{"start":{"line":6,"column":6},"end":{"line":6,"column":26}},"6":{"start":{"line":7,"column":6},"end":{"line":7,"column":26}},"7":{"start":{"line":8,"column":6},"end":{"line":8,"column":27}}},"fnMap":{"0":{"name":"(anonymous_0)","decl":{"start":{"line":1,"column":24},"end":{"line":1,"column":25}},"loc":{"start":{"line":1,"column":39},"end":{"line":11,"column":1}},"line":1},"1":{"name":"(anonymous_1)","decl":{"start":{"line":3,"column":30},"end":{"line":3,"column":31}},"loc":{"start":{"line":3,"column":79},"end":{"line":9,"column":5}},"line":3}},"branchMap":{"0":{"loc":{"start":{"line":2,"column":2},"end":{"line":10,"column":3}},"type":"if","locations":[{"start":{"line":2,"column":2},"end":{"line":10,"column":3}},{"start":{},"end":{}}],"line":2},"1":{"loc":{"start":{"line":2,"column":6},"end":{"line":2,"column":52}},"type":"binary-expr","locations":[{"start":{"line":2,"column":6},"end":{"line":2,"column":17}},{"start":{"line":2,"column":21},"end":{"line":2,"column":52}}],"line":2}},"s":{"0":0,"1":0,"2":0,"3":0,"4":0,"5":0,"6":0,"7":0},"f":{"0":0,"1":0},"b":{"0":[0,0],"1":[0,0]}}
,"/Users/jdollisen/Project/React/space-tourism-react/src/components/common/Article.js": {"path":"/Users/jdollisen/Project/React/space-tourism-react/src/components/common/Article.js","statementMap":{"0":{"start":{"line":1,"column":23},"end":{"line":60,"column":1}},"1":{"start":{"line":3,"column":4},"end":{"line":59,"column":8}},"2":{"start":{"line":5,"column":12},"end":{"line":57,"column":13}},"3":{"start":{"line":6,"column":16},"end":{"line":26,"column":17}},"4":{"start":{"line":27,"column":19},"end":{"line":57,"column":13}},"5":{"start":{"line":28,"column":16},"end":{"line":41,"column":17}},"6":{"start":{"line":43,"column":16},"end":{"line":56,"column":17}}},"fnMap":{"0":{"name":"(anonymous_0)","decl":{"start":{"line":1,"column":23},"end":{"line":1,"column":24}},"loc":{"start":{"line":1,"column":34},"end":{"line":60,"column":1}},"line":1},"1":{"name":"(anonymous_1)","decl":{"start":{"line":4,"column":24},"end":{"line":4,"column":25}},"loc":{"start":{"line":4,"column":37},"end":{"line":58,"column":9}},"line":4}},"branchMap":{"0":{"loc":{"start":{"line":5,"column":12},"end":{"line":57,"column":13}},"type":"if","locations":[{"start":{"line":5,"column":12},"end":{"line":57,"column":13}},{"start":{"line":27,"column":19},"end":{"line":57,"column":13}}],"line":5},"1":{"loc":{"start":{"line":8,"column":28},"end":{"line":8,"column":48}},"type":"cond-expr","locations":[{"start":{"line":8,"column":38},"end":{"line":8,"column":43}},{"start":{"line":8,"column":44},"end":{"line":8,"column":48}}],"line":8},"2":{"loc":{"start":{"line":27,"column":19},"end":{"line":57,"column":13}},"type":"if","locations":[{"start":{"line":27,"column":19},"end":{"line":57,"column":13}},{"start":{"line":42,"column":19},"end":{"line":57,"column":13}}],"line":27},"3":{"loc":{"start":{"line":30,"column":28},"end":{"line":30,"column":48}},"type":"cond-expr","locations":[{"start":{"line":30,"column":38},"end":{"line":30,"column":43}},{"start":{"line":30,"column":44},"end":{"line":30,"column":48}}],"line":30},"4":{"loc":{"start":{"line":45,"column":28},"end":{"line":45,"column":48}},"type":"cond-expr","locations":[{"start":{"line":45,"column":38},"end":{"line":45,"column":43}},{"start":{"line":45,"column":44},"end":{"line":45,"column":48}}],"line":45}},"s":{"0":0,"1":0,"2":0,"3":0,"4":0,"5":0,"6":0},"f":{"0":0,"1":0},"b":{"0":[0,0],"1":[0,0],"2":[0,0],"3":[0,0],"4":[0,0]}}
,"/Users/jdollisen/Project/React/space-tourism-react/src/components/common/Header.js": {"path":"/Users/jdollisen/Project/React/space-tourism-react/src/components/common/Header.js","statementMap":{"0":{"start":{"line":4,"column":22},"end":{"line":53,"column":1}},"1":{"start":{"line":6,"column":21},"end":{"line":6,"column":53}},"2":{"start":{"line":9,"column":16},"end":{"line":9,"column":28}},"3":{"start":{"line":10,"column":28},"end":{"line":19,"column":5}},"4":{"start":{"line":11,"column":26},"end":{"line":11,"column":66}},"5":{"start":{"line":12,"column":8},"end":{"line":18,"column":9}},"6":{"start":{"line":13,"column":12},"end":{"line":13,"column":59}},"7":{"start":{"line":14,"column":12},"end":{"line":14,"column":61}},"8":{"start":{"line":16,"column":12},"end":{"line":16,"column":60}},"9":{"start":{"line":17,"column":12},"end":{"line":17,"column":62}},"10":{"start":{"line":21,"column":4},"end":{"line":52,"column":6}}},"fnMap":{"0":{"name":"(anonymous_0)","decl":{"start":{"line":4,"column":22},"end":{"line":4,"column":23}},"loc":{"start":{"line":4,"column":33},"end":{"line":53,"column":1}},"line":4},"1":{"name":"(anonymous_1)","decl":{"start":{"line":10,"column":28},"end":{"line":10,"column":29}},"loc":{"start":{"line":10,"column":37},"end":{"line":19,"column":5}},"line":10}},"branchMap":{"0":{"loc":{"start":{"line":12,"column":8},"end":{"line":18,"column":9}},"type":"if","locations":[{"start":{"line":12,"column":8},"end":{"line":18,"column":9}},{"start":{"line":15,"column":15},"end":{"line":18,"column":9}}],"line":12},"1":{"loc":{"start":{"line":29,"column":35},"end":{"line":29,"column":81}},"type":"cond-expr","locations":[{"start":{"line":29,"column":70},"end":{"line":29,"column":78}},{"start":{"line":29,"column":79},"end":{"line":29,"column":81}}],"line":29},"2":{"loc":{"start":{"line":29,"column":36},"end":{"line":29,"column":68}},"type":"binary-expr","locations":[{"start":{"line":29,"column":36},"end":{"line":29,"column":53}},{"start":{"line":29,"column":55},"end":{"line":29,"column":68}}],"line":29},"3":{"loc":{"start":{"line":33,"column":35},"end":{"line":33,"column":73}},"type":"cond-expr","locations":[{"start":{"line":33,"column":62},"end":{"line":33,"column":70}},{"start":{"line":33,"column":71},"end":{"line":33,"column":73}}],"line":33},"4":{"loc":{"start":{"line":37,"column":35},"end":{"line":37,"column":66}},"type":"cond-expr","locations":[{"start":{"line":37,"column":55},"end":{"line":37,"column":63}},{"start":{"line":37,"column":64},"end":{"line":37,"column":66}}],"line":37},"5":{"loc":{"start":{"line":41,"column":35},"end":{"line":41,"column":72}},"type":"cond-expr","locations":[{"start":{"line":41,"column":61},"end":{"line":41,"column":69}},{"start":{"line":41,"column":70},"end":{"line":41,"column":72}}],"line":41},"6":{"loc":{"start":{"line":45,"column":35},"end":{"line":45,"column":72}},"type":"cond-expr","locations":[{"start":{"line":45,"column":61},"end":{"line":45,"column":69}},{"start":{"line":45,"column":70},"end":{"line":45,"column":72}}],"line":45}},"s":{"0":0,"1":0,"2":0,"3":0,"4":0,"5":0,"6":0,"7":0,"8":0,"9":0,"10":0},"f":{"0":0,"1":0},"b":{"0":[0,0],"1":[0,0],"2":[0,0],"3":[0,0],"4":[0,0],"5":[0,0],"6":[0,0]}}
,"/Users/jdollisen/Project/React/space-tourism-react/src/components/common/Indicator.js": {"path":"/Users/jdollisen/Project/React/space-tourism-react/src/components/common/Indicator.js","statementMap":{"0":{"start":{"line":4,"column":38},"end":{"line":4,"column":49}},"1":{"start":{"line":6,"column":25},"end":{"line":27,"column":3}},"2":{"start":{"line":7,"column":4},"end":{"line":7,"column":30}},"3":{"start":{"line":9,"column":22},"end":{"line":9,"column":54}},"4":{"start":{"line":10,"column":24},"end":{"line":10,"column":63}},"5":{"start":{"line":11,"column":24},"end":{"line":11,"column":60}},"6":{"start":{"line":13,"column":25},"end":{"line":13,"column":45}},"7":{"start":{"line":14,"column":26},"end":{"line":14,"column":49}},"8":{"start":{"line":16,"column":4},"end":{"line":18,"column":46}},"9":{"start":{"line":20,"column":4},"end":{"line":20,"column":50}},"10":{"start":{"line":22,"column":4},"end":{"line":22,"column":52}},"11":{"start":{"line":23,"column":4},"end":{"line":23,"column":52}},"12":{"start":{"line":25,"column":4},"end":{"line":25,"column":42}},"13":{"start":{"line":26,"column":4},"end":{"line":26,"column":52}},"14":{"start":{"line":29,"column":2},"end":{"line":38,"column":3}},"15":{"start":{"line":42,"column":2},"end":{"line":44,"column":60}},"16":{"start":{"line":44,"column":25},"end":{"line":44,"column":58}},"17":{"start":{"line":48,"column":2},"end":{"line":48,"column":58}},"18":{"start":{"line":50,"column":25},"end":{"line":78,"column":1}},"19":{"start":{"line":51,"column":2},"end":{"line":77,"column":6}},"20":{"start":{"line":54,"column":6},"end":{"line":74,"column":7}},"21":{"start":{"line":56,"column":8},"end":{"line":59,"column":30}},"22":{"start":{"line":61,"column":13},"end":{"line":74,"column":7}},"23":{"start":{"line":63,"column":8},"end":{"line":66,"column":64}},"24":{"start":{"line":70,"column":8},"end":{"line":73,"column":30}}},"fnMap":{"0":{"name":"RenderButton","decl":{"start":{"line":3,"column":9},"end":{"line":3,"column":21}},"loc":{"start":{"line":3,"column":28},"end":{"line":39,"column":1}},"line":3},"1":{"name":"(anonymous_1)","decl":{"start":{"line":6,"column":25},"end":{"line":6,"column":26}},"loc":{"start":{"line":6,"column":32},"end":{"line":27,"column":3}},"line":6},"2":{"name":"hideContent","decl":{"start":{"line":41,"column":9},"end":{"line":41,"column":20}},"loc":{"start":{"line":41,"column":38},"end":{"line":45,"column":1}},"line":41},"3":{"name":"(anonymous_3)","decl":{"start":{"line":44,"column":15},"end":{"line":44,"column":16}},"loc":{"start":{"line":44,"column":25},"end":{"line":44,"column":58}},"line":44},"4":{"name":"showContent","decl":{"start":{"line":47,"column":9},"end":{"line":47,"column":20}},"loc":{"start":{"line":47,"column":38},"end":{"line":49,"column":1}},"line":47},"5":{"name":"(anonymous_5)","decl":{"start":{"line":50,"column":25},"end":{"line":50,"column":26}},"loc":{"start":{"line":50,"column":36},"end":{"line":78,"column":1}},"line":50},"6":{"name":"(anonymous_6)","decl":{"start":{"line":52,"column":21},"end":{"line":52,"column":22}},"loc":{"start":{"line":52,"column":34},"end":{"line":75,"column":5}},"line":52}},"branchMap":{"0":{"loc":{"start":{"line":31,"column":21},"end":{"line":31,"column":63}},"type":"cond-expr","locations":[{"start":{"line":31,"column":49},"end":{"line":31,"column":55}},{"start":{"line":31,"column":56},"end":{"line":31,"column":63}}],"line":31},"1":{"loc":{"start":{"line":54,"column":6},"end":{"line":74,"column":7}},"type":"if","locations":[{"start":{"line":54,"column":6},"end":{"line":74,"column":7}},{"start":{"line":61,"column":13},"end":{"line":74,"column":7}}],"line":54},"2":{"loc":{"start":{"line":61,"column":13},"end":{"line":74,"column":7}},"type":"if","locations":[{"start":{"line":61,"column":13},"end":{"line":74,"column":7}},{"start":{"line":68,"column":13},"end":{"line":74,"column":7}}],"line":61}},"s":{"0":0,"1":0,"2":0,"3":0,"4":0,"5":0,"6":0,"7":0,"8":0,"9":0,"10":0,"11":0,"12":0,"13":0,"14":0,"15":0,"16":0,"17":0,"18":0,"19":0,"20":0,"21":0,"22":0,"23":0,"24":0},"f":{"0":0,"1":0,"2":0,"3":0,"4":0,"5":0,"6":0},"b":{"0":[0,0],"1":[0,0],"2":[0,0]}}
,"/Users/jdollisen/Project/React/space-tourism-react/src/components/common/PosterImage.js": {"path":"/Users/jdollisen/Project/React/space-tourism-react/src/components/common/PosterImage.js","statementMap":{"0":{"start":{"line":1,"column":27},"end":{"line":23,"column":1}},"1":{"start":{"line":3,"column":2},"end":{"line":22,"column":6}},"2":{"start":{"line":5,"column":6},"end":{"line":20,"column":7}},"3":{"start":{"line":6,"column":8},"end":{"line":12,"column":9}},"4":{"start":{"line":14,"column":8},"end":{"line":19,"column":9}}},"fnMap":{"0":{"name":"(anonymous_0)","decl":{"start":{"line":1,"column":27},"end":{"line":1,"column":28}},"loc":{"start":{"line":1,"column":38},"end":{"line":23,"column":1}},"line":1},"1":{"name":"(anonymous_1)","decl":{"start":{"line":4,"column":21},"end":{"line":4,"column":22}},"loc":{"start":{"line":4,"column":34},"end":{"line":21,"column":5}},"line":4}},"branchMap":{"0":{"loc":{"start":{"line":5,"column":6},"end":{"line":20,"column":7}},"type":"if","locations":[{"start":{"line":5,"column":6},"end":{"line":20,"column":7}},{"start":{"line":13,"column":13},"end":{"line":20,"column":7}}],"line":5},"1":{"loc":{"start":{"line":7,"column":27},"end":{"line":7,"column":47}},"type":"cond-expr","locations":[{"start":{"line":7,"column":37},"end":{"line":7,"column":42}},{"start":{"line":7,"column":43},"end":{"line":7,"column":47}}],"line":7},"2":{"loc":{"start":{"line":15,"column":27},"end":{"line":15,"column":47}},"type":"cond-expr","locations":[{"start":{"line":15,"column":37},"end":{"line":15,"column":42}},{"start":{"line":15,"column":43},"end":{"line":15,"column":47}}],"line":15}},"s":{"0":0,"1":0,"2":0,"3":0,"4":0},"f":{"0":0,"1":0},"b":{"0":[0,0],"1":[0,0],"2":[0,0]}}
,"/Users/jdollisen/Project/React/space-tourism-react/src/components/common/SearchField.js": {"path":"/Users/jdollisen/Project/React/space-tourism-react/src/components/common/SearchField.js","statementMap":{"0":{"start":{"line":7,"column":27},"end":{"line":252,"column":1}},"1":{"start":{"line":9,"column":40},"end":{"line":9,"column":52}},"2":{"start":{"line":10,"column":31},"end":{"line":18,"column":5}},"3":{"start":{"line":11,"column":6},"end":{"line":17,"column":10}},"4":{"start":{"line":13,"column":10},"end":{"line":13,"column":32}},"5":{"start":{"line":16,"column":12},"end":{"line":16,"column":31}},"6":{"start":{"line":20,"column":4},"end":{"line":22,"column":12}},"7":{"start":{"line":21,"column":8},"end":{"line":21,"column":28}},"8":{"start":{"line":25,"column":36},"end":{"line":25,"column":48}},"9":{"start":{"line":26,"column":30},"end":{"line":34,"column":5}},"10":{"start":{"line":27,"column":6},"end":{"line":33,"column":10}},"11":{"start":{"line":29,"column":10},"end":{"line":29,"column":32}},"12":{"start":{"line":32,"column":12},"end":{"line":32,"column":29}},"13":{"start":{"line":36,"column":25},"end":{"line":36,"column":107}},"14":{"start":{"line":36,"column":58},"end":{"line":36,"column":104}},"15":{"start":{"line":37,"column":54},"end":{"line":43,"column":6}},"16":{"start":{"line":46,"column":29},"end":{"line":69,"column":5}},"17":{"start":{"line":48,"column":8},"end":{"line":50,"column":11}},"18":{"start":{"line":49,"column":12},"end":{"line":49,"column":47}},"19":{"start":{"line":52,"column":8},"end":{"line":68,"column":9}},"20":{"start":{"line":53,"column":12},"end":{"line":59,"column":19}},"21":{"start":{"line":55,"column":20},"end":{"line":55,"column":70}},"22":{"start":{"line":58,"column":20},"end":{"line":58,"column":60}},"23":{"start":{"line":61,"column":12},"end":{"line":67,"column":19}},"24":{"start":{"line":63,"column":20},"end":{"line":63,"column":92}},"25":{"start":{"line":66,"column":20},"end":{"line":66,"column":60}},"26":{"start":{"line":71,"column":32},"end":{"line":79,"column":5}},"27":{"start":{"line":72,"column":8},"end":{"line":78,"column":10}},"28":{"start":{"line":73,"column":12},"end":{"line":77,"column":14}},"29":{"start":{"line":81,"column":34},"end":{"line":89,"column":5}},"30":{"start":{"line":82,"column":8},"end":{"line":88,"column":10}},"31":{"start":{"line":83,"column":12},"end":{"line":87,"column":14}},"32":{"start":{"line":91,"column":28},"end":{"line":107,"column":5}},"33":{"start":{"line":92,"column":8},"end":{"line":97,"column":10}},"34":{"start":{"line":93,"column":12},"end":{"line":96,"column":14}},"35":{"start":{"line":99,"column":8},"end":{"line":106,"column":9}},"36":{"start":{"line":101,"column":30},"end":{"line":104,"column":13}},"37":{"start":{"line":105,"column":12},"end":{"line":105,"column":42}},"38":{"start":{"line":109,"column":28},"end":{"line":111,"column":5}},"39":{"start":{"line":110,"column":8},"end":{"line":110,"column":68}},"40":{"start":{"line":113,"column":29},"end":{"line":153,"column":6}},"41":{"start":{"line":114,"column":27},"end":{"line":114,"column":90}},"42":{"start":{"line":114,"column":57},"end":{"line":114,"column":89}},"43":{"start":{"line":116,"column":8},"end":{"line":150,"column":9}},"44":{"start":{"line":120,"column":12},"end":{"line":120,"column":25}},"45":{"start":{"line":121,"column":15},"end":{"line":150,"column":9}},"46":{"start":{"line":126,"column":12},"end":{"line":126,"column":25}},"47":{"start":{"line":127,"column":15},"end":{"line":150,"column":9}},"48":{"start":{"line":130,"column":12},"end":{"line":130,"column":25}},"49":{"start":{"line":131,"column":15},"end":{"line":150,"column":9}},"50":{"start":{"line":134,"column":12},"end":{"line":134,"column":25}},"51":{"start":{"line":135,"column":16},"end":{"line":150,"column":9}},"52":{"start":{"line":138,"column":12},"end":{"line":138,"column":25}},"53":{"start":{"line":139,"column":15},"end":{"line":150,"column":9}},"54":{"start":{"line":149,"column":12},"end":{"line":149,"column":25}},"55":{"start":{"line":152,"column":8},"end":{"line":152,"column":20}},"56":{"start":{"line":155,"column":4},"end":{"line":157,"column":11}},"57":{"start":{"line":156,"column":8},"end":{"line":156,"column":28}},"58":{"start":{"line":159,"column":4},"end":{"line":251,"column":5}},"59":{"start":{"line":165,"column":20},"end":{"line":165,"column":56}},"60":{"start":{"line":172,"column":20},"end":{"line":172,"column":58}},"61":{"start":{"line":177,"column":24},"end":{"line":177,"column":102}},"62":{"start":{"line":184,"column":39},"end":{"line":184,"column":82}},"63":{"start":{"line":187,"column":46},"end":{"line":187,"column":90}},"64":{"start":{"line":193,"column":39},"end":{"line":193,"column":82}},"65":{"start":{"line":196,"column":46},"end":{"line":196,"column":90}},"66":{"start":{"line":209,"column":16},"end":{"line":247,"column":22}},"67":{"start":{"line":217,"column":36},"end":{"line":217,"column":94}},"68":{"start":{"line":229,"column":36},"end":{"line":230,"column":92}}},"fnMap":{"0":{"name":"(anonymous_0)","decl":{"start":{"line":7,"column":27},"end":{"line":7,"column":28}},"loc":{"start":{"line":7,"column":38},"end":{"line":252,"column":1}},"line":7},"1":{"name":"(anonymous_1)","decl":{"start":{"line":10,"column":31},"end":{"line":10,"column":32}},"loc":{"start":{"line":10,"column":37},"end":{"line":18,"column":5}},"line":10},"2":{"name":"(anonymous_2)","decl":{"start":{"line":12,"column":14},"end":{"line":12,"column":15}},"loc":{"start":{"line":12,"column":26},"end":{"line":14,"column":9}},"line":12},"3":{"name":"(anonymous_3)","decl":{"start":{"line":15,"column":14},"end":{"line":15,"column":15}},"loc":{"start":{"line":15,"column":22},"end":{"line":17,"column":9}},"line":15},"4":{"name":"(anonymous_4)","decl":{"start":{"line":20,"column":14},"end":{"line":20,"column":15}},"loc":{"start":{"line":20,"column":20},"end":{"line":22,"column":7}},"line":20},"5":{"name":"(anonymous_5)","decl":{"start":{"line":26,"column":30},"end":{"line":26,"column":31}},"loc":{"start":{"line":26,"column":36},"end":{"line":34,"column":5}},"line":26},"6":{"name":"(anonymous_6)","decl":{"start":{"line":28,"column":14},"end":{"line":28,"column":15}},"loc":{"start":{"line":28,"column":26},"end":{"line":30,"column":9}},"line":28},"7":{"name":"(anonymous_7)","decl":{"start":{"line":31,"column":14},"end":{"line":31,"column":15}},"loc":{"start":{"line":31,"column":22},"end":{"line":33,"column":9}},"line":31},"8":{"name":"(anonymous_8)","decl":{"start":{"line":36,"column":50},"end":{"line":36,"column":51}},"loc":{"start":{"line":36,"column":58},"end":{"line":36,"column":104}},"line":36},"9":{"name":"(anonymous_9)","decl":{"start":{"line":46,"column":29},"end":{"line":46,"column":30}},"loc":{"start":{"line":46,"column":47},"end":{"line":69,"column":5}},"line":46},"10":{"name":"(anonymous_10)","decl":{"start":{"line":48,"column":29},"end":{"line":48,"column":30}},"loc":{"start":{"line":48,"column":44},"end":{"line":50,"column":9}},"line":48},"11":{"name":"(anonymous_11)","decl":{"start":{"line":54,"column":37},"end":{"line":54,"column":38}},"loc":{"start":{"line":54,"column":52},"end":{"line":56,"column":17}},"line":54},"12":{"name":"(anonymous_12)","decl":{"start":{"line":57,"column":37},"end":{"line":57,"column":38}},"loc":{"start":{"line":57,"column":52},"end":{"line":59,"column":17}},"line":57},"13":{"name":"(anonymous_13)","decl":{"start":{"line":62,"column":37},"end":{"line":62,"column":38}},"loc":{"start":{"line":62,"column":52},"end":{"line":64,"column":17}},"line":62},"14":{"name":"(anonymous_14)","decl":{"start":{"line":65,"column":37},"end":{"line":65,"column":38}},"loc":{"start":{"line":65,"column":52},"end":{"line":67,"column":17}},"line":65},"15":{"name":"(anonymous_15)","decl":{"start":{"line":71,"column":32},"end":{"line":71,"column":33}},"loc":{"start":{"line":71,"column":41},"end":{"line":79,"column":5}},"line":71},"16":{"name":"(anonymous_16)","decl":{"start":{"line":72,"column":29},"end":{"line":72,"column":30}},"loc":{"start":{"line":72,"column":44},"end":{"line":78,"column":9}},"line":72},"17":{"name":"(anonymous_17)","decl":{"start":{"line":81,"column":34},"end":{"line":81,"column":35}},"loc":{"start":{"line":81,"column":43},"end":{"line":89,"column":5}},"line":81},"18":{"name":"(anonymous_18)","decl":{"start":{"line":82,"column":29},"end":{"line":82,"column":30}},"loc":{"start":{"line":82,"column":44},"end":{"line":88,"column":9}},"line":82},"19":{"name":"(anonymous_19)","decl":{"start":{"line":91,"column":28},"end":{"line":91,"column":29}},"loc":{"start":{"line":91,"column":34},"end":{"line":107,"column":5}},"line":91},"20":{"name":"(anonymous_20)","decl":{"start":{"line":92,"column":29},"end":{"line":92,"column":30}},"loc":{"start":{"line":92,"column":44},"end":{"line":97,"column":9}},"line":92},"21":{"name":"(anonymous_21)","decl":{"start":{"line":109,"column":28},"end":{"line":109,"column":29}},"loc":{"start":{"line":109,"column":35},"end":{"line":111,"column":5}},"line":109},"22":{"name":"(anonymous_22)","decl":{"start":{"line":113,"column":45},"end":{"line":113,"column":46}},"loc":{"start":{"line":113,"column":54},"end":{"line":153,"column":5}},"line":113},"23":{"name":"(anonymous_23)","decl":{"start":{"line":114,"column":46},"end":{"line":114,"column":47}},"loc":{"start":{"line":114,"column":57},"end":{"line":114,"column":89}},"line":114},"24":{"name":"(anonymous_24)","decl":{"start":{"line":155,"column":14},"end":{"line":155,"column":15}},"loc":{"start":{"line":155,"column":20},"end":{"line":157,"column":5}},"line":155},"25":{"name":"(anonymous_25)","decl":{"start":{"line":164,"column":26},"end":{"line":164,"column":27}},"loc":{"start":{"line":164,"column":33},"end":{"line":166,"column":17}},"line":164},"26":{"name":"(anonymous_26)","decl":{"start":{"line":171,"column":71},"end":{"line":171,"column":72}},"loc":{"start":{"line":171,"column":78},"end":{"line":173,"column":17}},"line":171},"27":{"name":"(anonymous_27)","decl":{"start":{"line":176,"column":35},"end":{"line":176,"column":36}},"loc":{"start":{"line":177,"column":24},"end":{"line":177,"column":102}},"line":177},"28":{"name":"(anonymous_28)","decl":{"start":{"line":184,"column":32},"end":{"line":184,"column":33}},"loc":{"start":{"line":184,"column":39},"end":{"line":184,"column":82}},"line":184},"29":{"name":"(anonymous_29)","decl":{"start":{"line":187,"column":33},"end":{"line":187,"column":34}},"loc":{"start":{"line":187,"column":46},"end":{"line":187,"column":90}},"line":187},"30":{"name":"(anonymous_30)","decl":{"start":{"line":193,"column":32},"end":{"line":193,"column":33}},"loc":{"start":{"line":193,"column":39},"end":{"line":193,"column":82}},"line":193},"31":{"name":"(anonymous_31)","decl":{"start":{"line":196,"column":33},"end":{"line":196,"column":34}},"loc":{"start":{"line":196,"column":46},"end":{"line":196,"column":90}},"line":196},"32":{"name":"(anonymous_32)","decl":{"start":{"line":208,"column":58},"end":{"line":208,"column":59}},"loc":{"start":{"line":209,"column":16},"end":{"line":247,"column":22}},"line":209},"33":{"name":"(anonymous_33)","decl":{"start":{"line":216,"column":32},"end":{"line":216,"column":33}},"loc":{"start":{"line":217,"column":36},"end":{"line":217,"column":94}},"line":217},"34":{"name":"(anonymous_34)","decl":{"start":{"line":228,"column":32},"end":{"line":228,"column":33}},"loc":{"start":{"line":229,"column":36},"end":{"line":230,"column":92}},"line":229}},"branchMap":{"0":{"loc":{"start":{"line":52,"column":8},"end":{"line":68,"column":9}},"type":"if","locations":[{"start":{"line":52,"column":8},"end":{"line":68,"column":9}},{"start":{"line":60,"column":15},"end":{"line":68,"column":9}}],"line":52},"1":{"loc":{"start":{"line":53,"column":12},"end":{"line":59,"column":18}},"type":"cond-expr","locations":[{"start":{"line":54,"column":16},"end":{"line":56,"column":18}},{"start":{"line":57,"column":16},"end":{"line":59,"column":18}}],"line":53},"2":{"loc":{"start":{"line":61,"column":12},"end":{"line":67,"column":18}},"type":"cond-expr","locations":[{"start":{"line":62,"column":16},"end":{"line":64,"column":18}},{"start":{"line":65,"column":16},"end":{"line":67,"column":18}}],"line":61},"3":{"loc":{"start":{"line":99,"column":8},"end":{"line":106,"column":9}},"type":"if","locations":[{"start":{"line":99,"column":8},"end":{"line":106,"column":9}},{"start":{},"end":{}}],"line":99},"4":{"loc":{"start":{"line":116,"column":8},"end":{"line":150,"column":9}},"type":"if","locations":[{"start":{"line":116,"column":8},"end":{"line":150,"column":9}},{"start":{"line":121,"column":15},"end":{"line":150,"column":9}}],"line":116},"5":{"loc":{"start":{"line":116,"column":12},"end":{"line":119,"column":44}},"type":"binary-expr","locations":[{"start":{"line":116,"column":12},"end":{"line":116,"column":44}},{"start":{"line":117,"column":12},"end":{"line":117,"column":46}},{"start":{"line":118,"column":12},"end":{"line":118,"column":44}},{"start":{"line":119,"column":12},"end":{"line":119,"column":44}}],"line":116},"6":{"loc":{"start":{"line":121,"column":15},"end":{"line":150,"column":9}},"type":"if","locations":[{"start":{"line":121,"column":15},"end":{"line":150,"column":9}},{"start":{"line":127,"column":15},"end":{"line":150,"column":9}}],"line":121},"7":{"loc":{"start":{"line":121,"column":19},"end":{"line":124,"column":88}},"type":"binary-expr","locations":[{"start":{"line":121,"column":19},"end":{"line":121,"column":53}},{"start":{"line":122,"column":13},"end":{"line":122,"column":73}},{"start":{"line":123,"column":16},"end":{"line":123,"column":104}},{"start":{"line":124,"column":16},"end":{"line":124,"column":87}}],"line":121},"8":{"loc":{"start":{"line":127,"column":15},"end":{"line":150,"column":9}},"type":"if","locations":[{"start":{"line":127,"column":15},"end":{"line":150,"column":9}},{"start":{"line":131,"column":15},"end":{"line":150,"column":9}}],"line":127},"9":{"loc":{"start":{"line":127,"column":19},"end":{"line":128,"column":75}},"type":"binary-expr","locations":[{"start":{"line":127,"column":19},"end":{"line":127,"column":55}},{"start":{"line":128,"column":12},"end":{"line":128,"column":75}}],"line":127},"10":{"loc":{"start":{"line":131,"column":15},"end":{"line":150,"column":9}},"type":"if","locations":[{"start":{"line":131,"column":15},"end":{"line":150,"column":9}},{"start":{"line":135,"column":16},"end":{"line":150,"column":9}}],"line":131},"11":{"loc":{"start":{"line":131,"column":19},"end":{"line":132,"column":88}},"type":"binary-expr","locations":[{"start":{"line":131,"column":19},"end":{"line":131,"column":53}},{"start":{"line":132,"column":12},"end":{"line":132,"column":88}}],"line":131},"12":{"loc":{"start":{"line":135,"column":16},"end":{"line":150,"column":9}},"type":"if","locations":[{"start":{"line":135,"column":16},"end":{"line":150,"column":9}},{"start":{"line":139,"column":15},"end":{"line":150,"column":9}}],"line":135},"13":{"loc":{"start":{"line":135,"column":20},"end":{"line":136,"column":88}},"type":"binary-expr","locations":[{"start":{"line":135,"column":20},"end":{"line":135,"column":54}},{"start":{"line":136,"column":12},"end":{"line":136,"column":88}}],"line":135},"14":{"loc":{"start":{"line":139,"column":15},"end":{"line":150,"column":9}},"type":"if","locations":[{"start":{"line":139,"column":15},"end":{"line":150,"column":9}},{"start":{},"end":{}}],"line":139},"15":{"loc":{"start":{"line":139,"column":19},"end":{"line":147,"column":91}},"type":"binary-expr","locations":[{"start":{"line":139,"column":19},"end":{"line":139,"column":54}},{"start":{"line":140,"column":13},"end":{"line":140,"column":73}},{"start":{"line":141,"column":12},"end":{"line":141,"column":100}},{"start":{"line":142,"column":12},"end":{"line":142,"column":72}},{"start":{"line":144,"column":12},"end":{"line":144,"column":75}},{"start":{"line":146,"column":14},"end":{"line":146,"column":90}},{"start":{"line":147,"column":13},"end":{"line":147,"column":89}}],"line":139},"16":{"loc":{"start":{"line":175,"column":17},"end":{"line":179,"column":17}},"type":"binary-expr","locations":[{"start":{"line":175,"column":17},"end":{"line":175,"column":38}},{"start":{"line":176,"column":20},"end":{"line":178,"column":22}}],"line":175},"17":{"loc":{"start":{"line":206,"column":91},"end":{"line":206,"column":125}},"type":"binary-expr","locations":[{"start":{"line":206,"column":91},"end":{"line":206,"column":118}},{"start":{"line":206,"column":122},"end":{"line":206,"column":125}}],"line":206},"18":{"loc":{"start":{"line":208,"column":13},"end":{"line":248,"column":15}},"type":"binary-expr","locations":[{"start":{"line":208,"column":13},"end":{"line":208,"column":32}},{"start":{"line":208,"column":37},"end":{"line":248,"column":14}}],"line":208},"19":{"loc":{"start":{"line":210,"column":25},"end":{"line":211,"column":101}},"type":"binary-expr","locations":[{"start":{"line":210,"column":27},"end":{"line":210,"column":76}},{"start":{"line":210,"column":82},"end":{"line":210,"column":117}},{"start":{"line":211,"column":28},"end":{"line":211,"column":101}}],"line":210},"20":{"loc":{"start":{"line":217,"column":52},"end":{"line":217,"column":64}},"type":"binary-expr","locations":[{"start":{"line":217,"column":52},"end":{"line":217,"column":57}},{"start":{"line":217,"column":61},"end":{"line":217,"column":64}}],"line":217},"21":{"loc":{"start":{"line":220,"column":29},"end":{"line":221,"column":86}},"type":"binary-expr","locations":[{"start":{"line":220,"column":31},"end":{"line":220,"column":75}},{"start":{"line":220,"column":81},"end":{"line":220,"column":112}},{"start":{"line":221,"column":32},"end":{"line":221,"column":86}}],"line":220},"22":{"loc":{"start":{"line":229,"column":36},"end":{"line":230,"column":92}},"type":"binary-expr","locations":[{"start":{"line":229,"column":37},"end":{"line":229,"column":80}},{"start":{"line":230,"column":36},"end":{"line":230,"column":92}}],"line":229},"23":{"loc":{"start":{"line":235,"column":29},"end":{"line":235,"column":231}},"type":"binary-expr","locations":[{"start":{"line":235,"column":31},"end":{"line":235,"column":82}},{"start":{"line":235,"column":88},"end":{"line":235,"column":125}},{"start":{"line":235,"column":131},"end":{"line":235,"column":231}}],"line":235},"24":{"loc":{"start":{"line":236,"column":29},"end":{"line":236,"column":223}},"type":"binary-expr","locations":[{"start":{"line":236,"column":31},"end":{"line":236,"column":80}},{"start":{"line":236,"column":86},"end":{"line":236,"column":121}},{"start":{"line":236,"column":127},"end":{"line":236,"column":223}}],"line":236},"25":{"loc":{"start":{"line":237,"column":29},"end":{"line":237,"column":219}},"type":"binary-expr","locations":[{"start":{"line":237,"column":31},"end":{"line":237,"column":79}},{"start":{"line":237,"column":85},"end":{"line":237,"column":119}},{"start":{"line":237,"column":125},"end":{"line":237,"column":219}}],"line":237},"26":{"loc":{"start":{"line":238,"column":29},"end":{"line":238,"column":203}},"type":"binary-expr","locations":[{"start":{"line":238,"column":31},"end":{"line":238,"column":75}},{"start":{"line":238,"column":81},"end":{"line":238,"column":111}},{"start":{"line":238,"column":116},"end":{"line":238,"column":203}}],"line":238},"27":{"loc":{"start":{"line":239,"column":29},"end":{"line":239,"column":219}},"type":"binary-expr","locations":[{"start":{"line":239,"column":31},"end":{"line":239,"column":79}},{"start":{"line":239,"column":85},"end":{"line":239,"column":119}},{"start":{"line":239,"column":125},"end":{"line":239,"column":219}}],"line":239},"28":{"loc":{"start":{"line":240,"column":29},"end":{"line":240,"column":212}},"type":"binary-expr","locations":[{"start":{"line":240,"column":31},"end":{"line":240,"column":77}},{"start":{"line":240,"column":83},"end":{"line":240,"column":115}},{"start":{"line":240,"column":121},"end":{"line":240,"column":212}}],"line":240}},"s":{"0":1,"1":2,"2":2,"3":2,"4":0,"5":0,"6":2,"7":2,"8":2,"9":2,"10":2,"11":0,"12":0,"13":2,"14":0,"15":2,"16":2,"17":0,"18":0,"19":0,"20":0,"21":0,"22":0,"23":0,"24":0,"25":0,"26":2,"27":0,"28":0,"29":2,"30":0,"31":0,"32":2,"33":0,"34":0,"35":0,"36":0,"37":0,"38":2,"39":0,"40":2,"41":0,"42":0,"43":0,"44":0,"45":0,"46":0,"47":0,"48":0,"49":0,"50":0,"51":0,"52":0,"53":0,"54":0,"55":0,"56":2,"57":2,"58":2,"59":0,"60":0,"61":0,"62":0,"63":0,"64":0,"65":0,"66":0,"67":0,"68":0},"f":{"0":2,"1":2,"2":0,"3":0,"4":2,"5":2,"6":0,"7":0,"8":0,"9":0,"10":0,"11":0,"12":0,"13":0,"14":0,"15":0,"16":0,"17":0,"18":0,"19":0,"20":0,"21":0,"22":0,"23":0,"24":2,"25":0,"26":0,"27":0,"28":0,"29":0,"30":0,"31":0,"32":0,"33":0,"34":0},"b":{"0":[0,0],"1":[0,0],"2":[0,0],"3":[0,0],"4":[0,0],"5":[0,0,0,0],"6":[0,0],"7":[0,0,0,0],"8":[0,0],"9":[0,0],"10":[0,0],"11":[0,0],"12":[0,0],"13":[0,0],"14":[0,0],"15":[0,0,0,0,0,0,0],"16":[2,0],"17":[2,0],"18":[2,0],"19":[0,0,0],"20":[0,0],"21":[0,0,0],"22":[0,0],"23":[0,0,0],"24":[0,0,0],"25":[0,0,0],"26":[0,0,0],"27":[0,0,0],"28":[0,0,0]},"_coverageSchema":"1a1c01bbd47fc00a2c39e90264f33305004495a9","hash":"c119aaff7e04861c507c9cc7b1d37fbad0a2119e"}
,"/Users/jdollisen/Project/React/space-tourism-react/src/components/common/SearchResult.js": {"path":"/Users/jdollisen/Project/React/space-tourism-react/src/components/common/SearchResult.js","statementMap":{"0":{"start":{"line":5,"column":28},"end":{"line":71,"column":1}},"1":{"start":{"line":24,"column":36},"end":{"line":24,"column":48}},"2":{"start":{"line":26,"column":30},"end":{"line":34,"column":5}},"3":{"start":{"line":27,"column":6},"end":{"line":33,"column":10}},"4":{"start":{"line":29,"column":10},"end":{"line":29,"column":32}},"5":{"start":{"line":32,"column":12},"end":{"line":32,"column":29}},"6":{"start":{"line":38,"column":4},"end":{"line":40,"column":11}},"7":{"start":{"line":39,"column":8},"end":{"line":39,"column":28}},"8":{"start":{"line":42,"column":4},"end":{"line":70,"column":5}},"9":{"start":{"line":46,"column":12},"end":{"line":67,"column":18}}},"fnMap":{"0":{"name":"(anonymous_0)","decl":{"start":{"line":5,"column":28},"end":{"line":5,"column":29}},"loc":{"start":{"line":5,"column":34},"end":{"line":71,"column":1}},"line":5},"1":{"name":"(anonymous_1)","decl":{"start":{"line":26,"column":30},"end":{"line":26,"column":31}},"loc":{"start":{"line":26,"column":36},"end":{"line":34,"column":5}},"line":26},"2":{"name":"(anonymous_2)","decl":{"start":{"line":28,"column":14},"end":{"line":28,"column":15}},"loc":{"start":{"line":28,"column":26},"end":{"line":30,"column":9}},"line":28},"3":{"name":"(anonymous_3)","decl":{"start":{"line":31,"column":14},"end":{"line":31,"column":15}},"loc":{"start":{"line":31,"column":22},"end":{"line":33,"column":9}},"line":31},"4":{"name":"(anonymous_4)","decl":{"start":{"line":38,"column":14},"end":{"line":38,"column":15}},"loc":{"start":{"line":38,"column":20},"end":{"line":40,"column":5}},"line":38},"5":{"name":"(anonymous_5)","decl":{"start":{"line":45,"column":46},"end":{"line":45,"column":47}},"loc":{"start":{"line":46,"column":12},"end":{"line":67,"column":18}},"line":46}},"branchMap":{"0":{"loc":{"start":{"line":45,"column":9},"end":{"line":68,"column":11}},"type":"binary-expr","locations":[{"start":{"line":45,"column":9},"end":{"line":45,"column":28}},{"start":{"line":45,"column":33},"end":{"line":68,"column":10}}],"line":45}},"s":{"0":0,"1":0,"2":0,"3":0,"4":0,"5":0,"6":0,"7":0,"8":0,"9":0},"f":{"0":0,"1":0,"2":0,"3":0,"4":0,"5":0},"b":{"0":[0,0]}}
,"/Users/jdollisen/Project/React/space-tourism-react/src/components/js/tabsList.js": {"path":"/Users/jdollisen/Project/React/space-tourism-react/src/components/js/tabsList.js","statementMap":{"0":{"start":{"line":1,"column":16},"end":{"line":1,"column":58}},"1":{"start":{"line":2,"column":13},"end":{"line":2,"column":53}},"2":{"start":{"line":4,"column":0},"end":{"line":6,"column":3}},"3":{"start":{"line":5,"column":4},"end":{"line":5,"column":50}},"4":{"start":{"line":9,"column":22},"end":{"line":9,"column":30}},"5":{"start":{"line":10,"column":24},"end":{"line":10,"column":63}},"6":{"start":{"line":11,"column":24},"end":{"line":11,"column":60}},"7":{"start":{"line":13,"column":25},"end":{"line":13,"column":45}},"8":{"start":{"line":14,"column":26},"end":{"line":14,"column":49}},"9":{"start":{"line":16,"column":4},"end":{"line":18,"column":46}},"10":{"start":{"line":20,"column":4},"end":{"line":20,"column":50}},"11":{"start":{"line":22,"column":4},"end":{"line":22,"column":52}},"12":{"start":{"line":23,"column":4},"end":{"line":23,"column":52}},"13":{"start":{"line":25,"column":4},"end":{"line":25,"column":42}},"14":{"start":{"line":26,"column":4},"end":{"line":26,"column":52}},"15":{"start":{"line":30,"column":4},"end":{"line":32,"column":62}},"16":{"start":{"line":32,"column":27},"end":{"line":32,"column":60}},"17":{"start":{"line":36,"column":4},"end":{"line":36,"column":60}}},"fnMap":{"0":{"name":"(anonymous_0)","decl":{"start":{"line":4,"column":13},"end":{"line":4,"column":14}},"loc":{"start":{"line":4,"column":22},"end":{"line":6,"column":1}},"line":4},"1":{"name":"changeTabPanel","decl":{"start":{"line":8,"column":9},"end":{"line":8,"column":23}},"loc":{"start":{"line":8,"column":27},"end":{"line":27,"column":1}},"line":8},"2":{"name":"hideContent","decl":{"start":{"line":29,"column":9},"end":{"line":29,"column":20}},"loc":{"start":{"line":29,"column":38},"end":{"line":33,"column":1}},"line":29},"3":{"name":"(anonymous_3)","decl":{"start":{"line":32,"column":17},"end":{"line":32,"column":18}},"loc":{"start":{"line":32,"column":27},"end":{"line":32,"column":60}},"line":32},"4":{"name":"showContent","decl":{"start":{"line":35,"column":9},"end":{"line":35,"column":20}},"loc":{"start":{"line":35,"column":38},"end":{"line":37,"column":1}},"line":35}},"branchMap":{},"s":{"0":0,"1":0,"2":0,"3":0,"4":0,"5":0,"6":0,"7":0,"8":0,"9":0,"10":0,"11":0,"12":0,"13":0,"14":0,"15":0,"16":0,"17":0},"f":{"0":0,"1":0,"2":0,"3":0,"4":0},"b":{}}
,"/Users/jdollisen/Project/React/space-tourism-react/src/components/js/tabsRole.js": {"path":"/Users/jdollisen/Project/React/space-tourism-react/src/components/js/tabsRole.js","statementMap":{"0":{"start":{"line":1,"column":13},"end":{"line":1,"column":54}},"1":{"start":{"line":3,"column":0},"end":{"line":5,"column":3}},"2":{"start":{"line":4,"column":4},"end":{"line":4,"column":50}},"3":{"start":{"line":8,"column":22},"end":{"line":8,"column":30}},"4":{"start":{"line":9,"column":24},"end":{"line":9,"column":63}},"5":{"start":{"line":10,"column":24},"end":{"line":10,"column":60}},"6":{"start":{"line":12,"column":25},"end":{"line":12,"column":45}},"7":{"start":{"line":13,"column":26},"end":{"line":13,"column":49}},"8":{"start":{"line":15,"column":4},"end":{"line":17,"column":46}},"9":{"start":{"line":19,"column":4},"end":{"line":19,"column":50}},"10":{"start":{"line":21,"column":4},"end":{"line":21,"column":52}},"11":{"start":{"line":22,"column":4},"end":{"line":22,"column":52}},"12":{"start":{"line":24,"column":4},"end":{"line":24,"column":42}},"13":{"start":{"line":25,"column":4},"end":{"line":25,"column":52}},"14":{"start":{"line":29,"column":4},"end":{"line":31,"column":62}},"15":{"start":{"line":31,"column":27},"end":{"line":31,"column":60}},"16":{"start":{"line":35,"column":4},"end":{"line":35,"column":60}}},"fnMap":{"0":{"name":"(anonymous_0)","decl":{"start":{"line":3,"column":13},"end":{"line":3,"column":14}},"loc":{"start":{"line":3,"column":22},"end":{"line":5,"column":1}},"line":3},"1":{"name":"changeTabPanel","decl":{"start":{"line":7,"column":9},"end":{"line":7,"column":23}},"loc":{"start":{"line":7,"column":27},"end":{"line":26,"column":1}},"line":7},"2":{"name":"hideContent","decl":{"start":{"line":28,"column":9},"end":{"line":28,"column":20}},"loc":{"start":{"line":28,"column":38},"end":{"line":32,"column":1}},"line":28},"3":{"name":"(anonymous_3)","decl":{"start":{"line":31,"column":17},"end":{"line":31,"column":18}},"loc":{"start":{"line":31,"column":27},"end":{"line":31,"column":60}},"line":31},"4":{"name":"showContent","decl":{"start":{"line":34,"column":9},"end":{"line":34,"column":20}},"loc":{"start":{"line":34,"column":38},"end":{"line":36,"column":1}},"line":34}},"branchMap":{},"s":{"0":0,"1":0,"2":0,"3":0,"4":0,"5":0,"6":0,"7":0,"8":0,"9":0,"10":0,"11":0,"12":0,"13":0,"14":0,"15":0,"16":0},"f":{"0":0,"1":0,"2":0,"3":0,"4":0},"b":{}}
,"/Users/jdollisen/Project/React/space-tourism-react/src/components/ui/Button.js": {"path":"/Users/jdollisen/Project/React/space-tourism-react/src/components/ui/Button.js","statementMap":{"0":{"start":{"line":3,"column":17},"end":{"line":14,"column":1}},"1":{"start":{"line":16,"column":22},"end":{"line":23,"column":1}},"2":{"start":{"line":17,"column":4},"end":{"line":22,"column":8}}},"fnMap":{"0":{"name":"(anonymous_0)","decl":{"start":{"line":16,"column":22},"end":{"line":16,"column":23}},"loc":{"start":{"line":16,"column":33},"end":{"line":23,"column":1}},"line":16}},"branchMap":{},"s":{"0":1,"1":1,"2":2},"f":{"0":2},"b":{},"_coverageSchema":"1a1c01bbd47fc00a2c39e90264f33305004495a9","hash":"5ec89293f12d7684dc50f6c528abb75528c3c500"}
,"/Users/jdollisen/Project/React/space-tourism-react/src/components/ui/ErrorModal.js": {"path":"/Users/jdollisen/Project/React/space-tourism-react/src/components/ui/ErrorModal.js","statementMap":{"0":{"start":{"line":4,"column":26},"end":{"line":20,"column":1}},"1":{"start":{"line":5,"column":4},"end":{"line":19,"column":5}}},"fnMap":{"0":{"name":"(anonymous_0)","decl":{"start":{"line":4,"column":26},"end":{"line":4,"column":27}},"loc":{"start":{"line":4,"column":37},"end":{"line":20,"column":1}},"line":4}},"branchMap":{},"s":{"0":1,"1":0},"f":{"0":0},"b":{},"_coverageSchema":"1a1c01bbd47fc00a2c39e90264f33305004495a9","hash":"8cac416c2ec60fa463b38665a4275b2185be55a1"}
,"/Users/jdollisen/Project/React/space-tourism-react/src/pages/Crew.js": {"path":"/Users/jdollisen/Project/React/space-tourism-react/src/pages/Crew.js","statementMap":{"0":{"start":{"line":7,"column":20},"end":{"line":24,"column":1}},"1":{"start":{"line":9,"column":19},"end":{"line":9,"column":51}},"2":{"start":{"line":10,"column":18},"end":{"line":10,"column":34}},"3":{"start":{"line":12,"column":2},"end":{"line":23,"column":4}}},"fnMap":{"0":{"name":"(anonymous_0)","decl":{"start":{"line":7,"column":20},"end":{"line":7,"column":21}},"loc":{"start":{"line":7,"column":26},"end":{"line":24,"column":1}},"line":7}},"branchMap":{},"s":{"0":0,"1":0,"2":0,"3":0},"f":{"0":0},"b":{}}
,"/Users/jdollisen/Project/React/space-tourism-react/src/pages/Destination.js": {"path":"/Users/jdollisen/Project/React/space-tourism-react/src/pages/Destination.js","statementMap":{"0":{"start":{"line":7,"column":27},"end":{"line":23,"column":1}},"1":{"start":{"line":8,"column":18},"end":{"line":8,"column":41}},"2":{"start":{"line":9,"column":17},"end":{"line":9,"column":49}},"3":{"start":{"line":10,"column":6},"end":{"line":10,"column":44}},"4":{"start":{"line":13,"column":2},"end":{"line":22,"column":4}}},"fnMap":{"0":{"name":"(anonymous_0)","decl":{"start":{"line":7,"column":27},"end":{"line":7,"column":28}},"loc":{"start":{"line":7,"column":33},"end":{"line":23,"column":1}},"line":7}},"branchMap":{},"s":{"0":0,"1":0,"2":0,"3":0,"4":0},"f":{"0":0},"b":{}}
,"/Users/jdollisen/Project/React/space-tourism-react/src/pages/Error.js": {"path":"/Users/jdollisen/Project/React/space-tourism-react/src/pages/Error.js","statementMap":{"0":{"start":{"line":3,"column":21},"end":{"line":15,"column":1}},"1":{"start":{"line":5,"column":4},"end":{"line":14,"column":6}}},"fnMap":{"0":{"name":"(anonymous_0)","decl":{"start":{"line":3,"column":21},"end":{"line":3,"column":22}},"loc":{"start":{"line":3,"column":27},"end":{"line":15,"column":1}},"line":3}},"branchMap":{},"s":{"0":0,"1":0},"f":{"0":0},"b":{}}
,"/Users/jdollisen/Project/React/space-tourism-react/src/pages/Home.js": {"path":"/Users/jdollisen/Project/React/space-tourism-react/src/pages/Home.js","statementMap":{"0":{"start":{"line":3,"column":20},"end":{"line":19,"column":1}},"1":{"start":{"line":4,"column":4},"end":{"line":18,"column":6}}},"fnMap":{"0":{"name":"(anonymous_0)","decl":{"start":{"line":3,"column":20},"end":{"line":3,"column":21}},"loc":{"start":{"line":3,"column":26},"end":{"line":19,"column":1}},"line":3}},"branchMap":{},"s":{"0":0,"1":0},"f":{"0":0},"b":{}}
,"/Users/jdollisen/Project/React/space-tourism-react/src/pages/SpaceSavvy.js": {"path":"/Users/jdollisen/Project/React/space-tourism-react/src/pages/SpaceSavvy.js","statementMap":{"0":{"start":{"line":6,"column":26},"end":{"line":30,"column":1}},"1":{"start":{"line":8,"column":28},"end":{"line":8,"column":38}},"2":{"start":{"line":10,"column":23},"end":{"line":12,"column":3}},"3":{"start":{"line":11,"column":4},"end":{"line":11,"column":19}},"4":{"start":{"line":14,"column":23},"end":{"line":16,"column":3}},"5":{"start":{"line":15,"column":4},"end":{"line":15,"column":19}},"6":{"start":{"line":18,"column":2},"end":{"line":29,"column":9}}},"fnMap":{"0":{"name":"(anonymous_0)","decl":{"start":{"line":6,"column":26},"end":{"line":6,"column":27}},"loc":{"start":{"line":6,"column":32},"end":{"line":30,"column":1}},"line":6},"1":{"name":"(anonymous_1)","decl":{"start":{"line":10,"column":23},"end":{"line":10,"column":24}},"loc":{"start":{"line":10,"column":33},"end":{"line":12,"column":3}},"line":10},"2":{"name":"(anonymous_2)","decl":{"start":{"line":14,"column":23},"end":{"line":14,"column":24}},"loc":{"start":{"line":14,"column":29},"end":{"line":16,"column":3}},"line":14}},"branchMap":{"0":{"loc":{"start":{"line":19,"column":5},"end":{"line":19,"column":93}},"type":"binary-expr","locations":[{"start":{"line":19,"column":6},"end":{"line":19,"column":11}},{"start":{"line":19,"column":16},"end":{"line":19,"column":93}}],"line":19}},"s":{"0":1,"1":1,"2":1,"3":0,"4":1,"5":0,"6":1},"f":{"0":1,"1":0,"2":0},"b":{"0":[1,0]},"_coverageSchema":"1a1c01bbd47fc00a2c39e90264f33305004495a9","hash":"9fcea1c58446955e16923b2d0d67e3265b760ac7"}
,"/Users/jdollisen/Project/React/space-tourism-react/src/pages/Technology.js": {"path":"/Users/jdollisen/Project/React/space-tourism-react/src/pages/Technology.js","statementMap":{"0":{"start":{"line":7,"column":26},"end":{"line":22,"column":1}},"1":{"start":{"line":9,"column":19},"end":{"line":9,"column":51}},"2":{"start":{"line":10,"column":18},"end":{"line":10,"column":40}},"3":{"start":{"line":12,"column":2},"end":{"line":21,"column":4}}},"fnMap":{"0":{"name":"(anonymous_0)","decl":{"start":{"line":7,"column":26},"end":{"line":7,"column":27}},"loc":{"start":{"line":7,"column":32},"end":{"line":22,"column":1}},"line":7}},"branchMap":{},"s":{"0":0,"1":0,"2":0,"3":0},"f":{"0":0},"b":{}}
,"/Users/jdollisen/Project/React/space-tourism-react/src/pages/Template.js": {"path":"/Users/jdollisen/Project/React/space-tourism-react/src/pages/Template.js","statementMap":{"0":{"start":{"line":4,"column":21},"end":{"line":18,"column":1}},"1":{"start":{"line":5,"column":4},"end":{"line":17,"column":5}},"2":{"start":{"line":6,"column":8},"end":{"line":12,"column":9}},"3":{"start":{"line":14,"column":8},"end":{"line":16,"column":9}},"4":{"start":{"line":20,"column":30},"end":{"line":34,"column":1}},"5":{"start":{"line":22,"column":19},"end":{"line":22,"column":51}},"6":{"start":{"line":24,"column":4},"end":{"line":24,"column":42}},"7":{"start":{"line":24,"column":25},"end":{"line":24,"column":42}},"8":{"start":{"line":26,"column":4},"end":{"line":33,"column":8}}},"fnMap":{"0":{"name":"(anonymous_0)","decl":{"start":{"line":4,"column":21},"end":{"line":4,"column":22}},"loc":{"start":{"line":4,"column":31},"end":{"line":18,"column":1}},"line":4},"1":{"name":"(anonymous_1)","decl":{"start":{"line":20,"column":30},"end":{"line":20,"column":31}},"loc":{"start":{"line":20,"column":41},"end":{"line":34,"column":1}},"line":20}},"branchMap":{"0":{"loc":{"start":{"line":5,"column":4},"end":{"line":17,"column":5}},"type":"if","locations":[{"start":{"line":5,"column":4},"end":{"line":17,"column":5}},{"start":{"line":13,"column":11},"end":{"line":17,"column":5}}],"line":5},"1":{"loc":{"start":{"line":24,"column":4},"end":{"line":24,"column":42}},"type":"if","locations":[{"start":{"line":24,"column":4},"end":{"line":24,"column":42}},{"start":{},"end":{}}],"line":24}},"s":{"0":0,"1":0,"2":0,"3":0,"4":0,"5":0,"6":0,"7":0,"8":0},"f":{"0":0,"1":0},"b":{"0":[0,0],"1":[0,0]}}
}
