TN:
SF:src/App.js
FN:11,App
FNF:1
FNH:0
FNDA:0,App
DA:13,0
LF:1
LH:0
BRF:0
BRH:0
end_of_record
TN:
SF:src/SiteData.js
FNF:0
FNH:0
DA:1,0
LF:1
LH:0
BRF:0
BRH:0
end_of_record
TN:
SF:src/index.js
FNF:0
FNH:0
DA:27,0
DA:28,0
LF:2
LH:0
BRF:0
BRH:0
end_of_record
TN:
SF:src/reportWebVitals.js
FN:1,(anonymous_0)
FN:3,(anonymous_1)
FNF:2
FNH:0
FNDA:0,(anonymous_0)
FNDA:0,(anonymous_1)
DA:1,0
DA:2,0
DA:3,0
DA:4,0
DA:5,0
DA:6,0
DA:7,0
DA:8,0
LF:8
LH:0
BRDA:2,0,0,0
BRDA:2,0,1,0
BRDA:2,1,0,0
BRDA:2,1,1,0
BRF:4
BRH:0
end_of_record
TN:
SF:src/components/common/Article.js
FN:1,(anonymous_0)
FN:4,(anonymous_1)
FNF:2
FNH:0
FNDA:0,(anonymous_0)
FNDA:0,(anonymous_1)
DA:1,0
DA:3,0
DA:5,0
DA:6,0
DA:27,0
DA:28,0
DA:43,0
LF:7
LH:0
BRDA:5,0,0,0
BRDA:5,0,1,0
BRDA:8,1,0,0
BRDA:8,1,1,0
BRDA:27,2,0,0
BRDA:27,2,1,0
BRDA:30,3,0,0
BRDA:30,3,1,0
BRDA:45,4,0,0
BRDA:45,4,1,0
BRF:10
BRH:0
end_of_record
TN:
SF:src/components/common/Header.js
FN:4,(anonymous_0)
FN:10,(anonymous_1)
FNF:2
FNH:0
FNDA:0,(anonymous_0)
FNDA:0,(anonymous_1)
DA:4,0
DA:6,0
DA:9,0
DA:10,0
DA:11,0
DA:12,0
DA:13,0
DA:14,0
DA:16,0
DA:17,0
DA:21,0
LF:11
LH:0
BRDA:12,0,0,0
BRDA:12,0,1,0
BRDA:29,1,0,0
BRDA:29,1,1,0
BRDA:29,2,0,0
BRDA:29,2,1,0
BRDA:33,3,0,0
BRDA:33,3,1,0
BRDA:37,4,0,0
BRDA:37,4,1,0
BRDA:41,5,0,0
BRDA:41,5,1,0
BRDA:45,6,0,0
BRDA:45,6,1,0
BRF:14
BRH:0
end_of_record
TN:
SF:src/components/common/Indicator.js
FN:3,RenderButton
FN:6,(anonymous_1)
FN:41,hideContent
FN:44,(anonymous_3)
FN:47,showContent
FN:50,(anonymous_5)
FN:52,(anonymous_6)
FNF:7
FNH:0
FNDA:0,RenderButton
FNDA:0,(anonymous_1)
FNDA:0,hideContent
FNDA:0,(anonymous_3)
FNDA:0,showContent
FNDA:0,(anonymous_5)
FNDA:0,(anonymous_6)
DA:4,0
DA:6,0
DA:7,0
DA:9,0
DA:10,0
DA:11,0
DA:13,0
DA:14,0
DA:16,0
DA:20,0
DA:22,0
DA:23,0
DA:25,0
DA:26,0
DA:29,0
DA:42,0
DA:44,0
DA:48,0
DA:50,0
DA:51,0
DA:54,0
DA:56,0
DA:61,0
DA:63,0
DA:70,0
LF:25
LH:0
BRDA:31,0,0,0
BRDA:31,0,1,0
BRDA:54,1,0,0
BRDA:54,1,1,0
BRDA:61,2,0,0
BRDA:61,2,1,0
BRF:6
BRH:0
end_of_record
TN:
SF:src/components/common/PosterImage.js
FN:1,(anonymous_0)
FN:4,(anonymous_1)
FNF:2
FNH:0
FNDA:0,(anonymous_0)
FNDA:0,(anonymous_1)
DA:1,0
DA:3,0
DA:5,0
DA:6,0
DA:14,0
LF:5
LH:0
BRDA:5,0,0,0
BRDA:5,0,1,0
BRDA:7,1,0,0
BRDA:7,1,1,0
BRDA:15,2,0,0
BRDA:15,2,1,0
BRF:6
BRH:0
end_of_record
TN:
SF:src/components/common/SearchField.js
FN:7,(anonymous_0)
FN:10,(anonymous_1)
FN:12,(anonymous_2)
FN:15,(anonymous_3)
FN:20,(anonymous_4)
FN:26,(anonymous_5)
FN:28,(anonymous_6)
FN:31,(anonymous_7)
FN:36,(anonymous_8)
FN:46,(anonymous_9)
FN:48,(anonymous_10)
FN:54,(anonymous_11)
FN:57,(anonymous_12)
FN:62,(anonymous_13)
FN:65,(anonymous_14)
FN:71,(anonymous_15)
FN:72,(anonymous_16)
FN:81,(anonymous_17)
FN:82,(anonymous_18)
FN:91,(anonymous_19)
FN:92,(anonymous_20)
FN:109,(anonymous_21)
FN:113,(anonymous_22)
FN:114,(anonymous_23)
FN:155,(anonymous_24)
FN:164,(anonymous_25)
FN:171,(anonymous_26)
FN:176,(anonymous_27)
FN:184,(anonymous_28)
FN:187,(anonymous_29)
FN:193,(anonymous_30)
FN:196,(anonymous_31)
FN:208,(anonymous_32)
FN:216,(anonymous_33)
FN:228,(anonymous_34)
FNF:35
FNH:5
FNDA:2,(anonymous_0)
FNDA:2,(anonymous_1)
FNDA:0,(anonymous_2)
FNDA:0,(anonymous_3)
FNDA:2,(anonymous_4)
FNDA:2,(anonymous_5)
FNDA:0,(anonymous_6)
FNDA:0,(anonymous_7)
FNDA:0,(anonymous_8)
FNDA:0,(anonymous_9)
FNDA:0,(anonymous_10)
FNDA:0,(anonymous_11)
FNDA:0,(anonymous_12)
FNDA:0,(anonymous_13)
FNDA:0,(anonymous_14)
FNDA:0,(anonymous_15)
FNDA:0,(anonymous_16)
FNDA:0,(anonymous_17)
FNDA:0,(anonymous_18)
FNDA:0,(anonymous_19)
FNDA:0,(anonymous_20)
FNDA:0,(anonymous_21)
FNDA:0,(anonymous_22)
FNDA:0,(anonymous_23)
FNDA:2,(anonymous_24)
FNDA:0,(anonymous_25)
FNDA:0,(anonymous_26)
FNDA:0,(anonymous_27)
FNDA:0,(anonymous_28)
FNDA:0,(anonymous_29)
FNDA:0,(anonymous_30)
FNDA:0,(anonymous_31)
FNDA:0,(anonymous_32)
FNDA:0,(anonymous_33)
FNDA:0,(anonymous_34)
DA:7,1
DA:9,2
DA:10,2
DA:11,2
DA:13,0
DA:16,0
DA:20,2
DA:21,2
DA:25,2
DA:26,2
DA:27,2
DA:29,0
DA:32,0
DA:36,2
DA:37,2
DA:46,2
DA:48,0
DA:49,0
DA:52,0
DA:53,0
DA:55,0
DA:58,0
DA:61,0
DA:63,0
DA:66,0
DA:71,2
DA:72,0
DA:73,0
DA:81,2
DA:82,0
DA:83,0
DA:91,2
DA:92,0
DA:93,0
DA:99,0
DA:101,0
DA:105,0
DA:109,2
DA:110,0
DA:113,2
DA:114,0
DA:116,0
DA:120,0
DA:121,0
DA:126,0
DA:127,0
DA:130,0
DA:131,0
DA:134,0
DA:135,0
DA:138,0
DA:139,0
DA:149,0
DA:152,0
DA:155,2
DA:156,2
DA:159,2
DA:165,0
DA:172,0
DA:177,0
DA:184,0
DA:187,0
DA:193,0
DA:196,0
DA:209,0
DA:217,0
DA:229,0
LF:67
LH:20
BRDA:52,0,0,0
BRDA:52,0,1,0
BRDA:53,1,0,0
BRDA:53,1,1,0
BRDA:61,2,0,0
BRDA:61,2,1,0
BRDA:99,3,0,0
BRDA:99,3,1,0
BRDA:116,4,0,0
BRDA:116,4,1,0
BRDA:116,5,0,0
BRDA:116,5,1,0
BRDA:116,5,2,0
BRDA:116,5,3,0
BRDA:121,6,0,0
BRDA:121,6,1,0
BRDA:121,7,0,0
BRDA:121,7,1,0
BRDA:121,7,2,0
BRDA:121,7,3,0
BRDA:127,8,0,0
BRDA:127,8,1,0
BRDA:127,9,0,0
BRDA:127,9,1,0
BRDA:131,10,0,0
BRDA:131,10,1,0
BRDA:131,11,0,0
BRDA:131,11,1,0
BRDA:135,12,0,0
BRDA:135,12,1,0
BRDA:135,13,0,0
BRDA:135,13,1,0
BRDA:139,14,0,0
BRDA:139,14,1,0
BRDA:139,15,0,0
BRDA:139,15,1,0
BRDA:139,15,2,0
BRDA:139,15,3,0
BRDA:139,15,4,0
BRDA:139,15,5,0
BRDA:139,15,6,0
BRDA:175,16,0,2
BRDA:175,16,1,0
BRDA:206,17,0,2
BRDA:206,17,1,0
BRDA:208,18,0,2
BRDA:208,18,1,0
BRDA:210,19,0,0
BRDA:210,19,1,0
BRDA:210,19,2,0
BRDA:217,20,0,0
BRDA:217,20,1,0
BRDA:220,21,0,0
BRDA:220,21,1,0
BRDA:220,21,2,0
BRDA:229,22,0,0
BRDA:229,22,1,0
BRDA:235,23,0,0
BRDA:235,23,1,0
BRDA:235,23,2,0
BRDA:236,24,0,0
BRDA:236,24,1,0
BRDA:236,24,2,0
BRDA:237,25,0,0
BRDA:237,25,1,0
BRDA:237,25,2,0
BRDA:238,26,0,0
BRDA:238,26,1,0
BRDA:238,26,2,0
BRDA:239,27,0,0
BRDA:239,27,1,0
BRDA:239,27,2,0
BRDA:240,28,0,0
BRDA:240,28,1,0
BRDA:240,28,2,0
BRF:75
BRH:3
end_of_record
TN:
SF:src/components/common/SearchResult.js
FN:5,(anonymous_0)
FN:26,(anonymous_1)
FN:28,(anonymous_2)
FN:31,(anonymous_3)
FN:38,(anonymous_4)
FN:45,(anonymous_5)
FNF:6
FNH:0
FNDA:0,(anonymous_0)
FNDA:0,(anonymous_1)
FNDA:0,(anonymous_2)
FNDA:0,(anonymous_3)
FNDA:0,(anonymous_4)
FNDA:0,(anonymous_5)
DA:5,0
DA:24,0
DA:26,0
DA:27,0
DA:29,0
DA:32,0
DA:38,0
DA:39,0
DA:42,0
DA:46,0
LF:10
LH:0
BRDA:45,0,0,0
BRDA:45,0,1,0
BRF:2
BRH:0
end_of_record
TN:
SF:src/components/js/tabsList.js
FN:4,(anonymous_0)
FN:8,changeTabPanel
FN:29,hideContent
FN:32,(anonymous_3)
FN:35,showContent
FNF:5
FNH:0
FNDA:0,(anonymous_0)
FNDA:0,changeTabPanel
FNDA:0,hideContent
FNDA:0,(anonymous_3)
FNDA:0,showContent
DA:1,0
DA:2,0
DA:4,0
DA:5,0
DA:9,0
DA:10,0
DA:11,0
DA:13,0
DA:14,0
DA:16,0
DA:20,0
DA:22,0
DA:23,0
DA:25,0
DA:26,0
DA:30,0
DA:32,0
DA:36,0
LF:18
LH:0
BRF:0
BRH:0
end_of_record
TN:
SF:src/components/js/tabsRole.js
FN:3,(anonymous_0)
FN:7,changeTabPanel
FN:28,hideContent
FN:31,(anonymous_3)
FN:34,showContent
FNF:5
FNH:0
FNDA:0,(anonymous_0)
FNDA:0,changeTabPanel
FNDA:0,hideContent
FNDA:0,(anonymous_3)
FNDA:0,showContent
DA:1,0
DA:3,0
DA:4,0
DA:8,0
DA:9,0
DA:10,0
DA:12,0
DA:13,0
DA:15,0
DA:19,0
DA:21,0
DA:22,0
DA:24,0
DA:25,0
DA:29,0
DA:31,0
DA:35,0
LF:17
LH:0
BRF:0
BRH:0
end_of_record
TN:
SF:src/components/ui/Button.js
FN:16,(anonymous_0)
FNF:1
FNH:1
FNDA:2,(anonymous_0)
DA:3,1
DA:16,1
DA:17,2
LF:3
LH:3
BRF:0
BRH:0
end_of_record
TN:
SF:src/components/ui/ErrorModal.js
FN:4,(anonymous_0)
FNF:1
FNH:0
FNDA:0,(anonymous_0)
DA:4,1
DA:5,0
LF:2
LH:1
BRF:0
BRH:0
end_of_record
TN:
SF:src/pages/Crew.js
FN:7,(anonymous_0)
FNF:1
FNH:0
FNDA:0,(anonymous_0)
DA:7,0
DA:9,0
DA:10,0
DA:12,0
LF:4
LH:0
BRF:0
BRH:0
end_of_record
TN:
SF:src/pages/Destination.js
FN:7,(anonymous_0)
FNF:1
FNH:0
FNDA:0,(anonymous_0)
DA:7,0
DA:8,0
DA:9,0
DA:10,0
DA:13,0
LF:5
LH:0
BRF:0
BRH:0
end_of_record
TN:
SF:src/pages/Error.js
FN:3,(anonymous_0)
FNF:1
FNH:0
FNDA:0,(anonymous_0)
DA:3,0
DA:5,0
LF:2
LH:0
BRF:0
BRH:0
end_of_record
TN:
SF:src/pages/Home.js
FN:3,(anonymous_0)
FNF:1
FNH:0
FNDA:0,(anonymous_0)
DA:3,0
DA:4,0
LF:2
LH:0
BRF:0
BRH:0
end_of_record
TN:
SF:src/pages/SpaceSavvy.js
FN:6,(anonymous_0)
FN:10,(anonymous_1)
FN:14,(anonymous_2)
FNF:3
FNH:1
FNDA:1,(anonymous_0)
FNDA:0,(anonymous_1)
FNDA:0,(anonymous_2)
DA:6,1
DA:8,1
DA:10,1
DA:11,0
DA:14,1
DA:15,0
DA:18,1
LF:7
LH:5
BRDA:19,0,0,1
BRDA:19,0,1,0
BRF:2
BRH:1
end_of_record
TN:
SF:src/pages/Technology.js
FN:7,(anonymous_0)
FNF:1
FNH:0
FNDA:0,(anonymous_0)
DA:7,0
DA:9,0
DA:10,0
DA:12,0
LF:4
LH:0
BRF:0
BRH:0
end_of_record
TN:
SF:src/pages/Template.js
FN:4,(anonymous_0)
FN:20,(anonymous_1)
FNF:2
FNH:0
FNDA:0,(anonymous_0)
FNDA:0,(anonymous_1)
DA:4,0
DA:5,0
DA:6,0
DA:14,0
DA:20,0
DA:22,0
DA:24,0
DA:26,0
LF:8
LH:0
BRDA:5,0,0,0
BRDA:5,0,1,0
BRDA:24,1,0,0
BRDA:24,1,1,0
BRF:4
BRH:0
end_of_record
